[12:11:2025-16:33:02] casey.lcbdev.NetShips:main:INFO:: Launching with args: []
[12:11:2025-16:33:02] casey.lcbdev.NetShips:start:INFO:: Starting NetShips.
[12:11:2025-16:33:04] casey.lcbdev.NetShips:showGame:INFO:: Opening new game screen.
[12:11:2025-16:33:04] casey.lcbdev.ui.GameScreen:<init>:INFO:: Building game screen.
[12:11:2025-16:33:04] casey.lcbdev.ui.GameScreen:initBoard:INFO:: Board init.
[12:11:2025-16:33:04] casey.lcbdev.ui.GameScreen:initSelector:INFO:: Selector init
[12:11:2025-16:33:04] casey.lcbdev.ui.GameScreen:createPlacementHandler:INFO:: Placement callback handler creation for: casey.lcbdev.ui.GameScreen$$Lambda/0x000000003119d4a0@420c7a26
[12:11:2025-16:33:04] casey.lcbdev.ui.GameScreen:layoutUI:INFO:: Building layout UI.
[12:11:2025-16:33:04] casey.lcbdev.ui.GameScreen:setupKeyHandlers:INFO:: Setting up key handlers.
[12:11:2025-16:33:04] casey.lcbdev.ui.ShipSelectorPane:lambda$new$5:INFO:: Placing: Carrier (5)
[12:11:2025-16:33:05] casey.lcbdev.ui.GameScreen:mapShipToKey:INFO:: Mapping ship to key. SHIP = C5
[12:11:2025-16:33:05] casey.lcbdev.model.board.ShipPlacementHandler:onClick:INFO:: Placed [C5] at cells: [ShipCell(1,1)[occ=true, hit=false], ShipCell(2,1)[occ=true, hit=false], ShipCell(3,1)[occ=true, hit=false], ShipCell(4,1)[occ=true, hit=false], ShipCell(5,1)[occ=true, hit=false]]
[12:11:2025-16:33:06] casey.lcbdev.ui.ShipSelectorPane:lambda$new$5:INFO:: Placing: Battleship (4)
[12:11:2025-16:33:07] casey.lcbdev.ui.GameScreen:mapShipToKey:INFO:: Mapping ship to key. SHIP = B4
[12:11:2025-16:33:07] casey.lcbdev.model.board.ShipPlacementHandler:onClick:INFO:: Placed [B4] at cells: [ShipCell(8,2)[occ=true, hit=false], ShipCell(8,3)[occ=true, hit=false], ShipCell(8,4)[occ=true, hit=false], ShipCell(8,5)[occ=true, hit=false]]
[12:11:2025-16:33:07] casey.lcbdev.ui.ShipSelectorPane:lambda$new$5:INFO:: Placing: Destroyer (3)
[12:11:2025-16:33:09] casey.lcbdev.ui.GameScreen:mapShipToKey:INFO:: Mapping ship to key. SHIP = D3
[12:11:2025-16:33:09] casey.lcbdev.model.board.ShipPlacementHandler:onClick:INFO:: Placed [D3] at cells: [ShipCell(4,3)[occ=true, hit=false], ShipCell(4,4)[occ=true, hit=false], ShipCell(4,5)[occ=true, hit=false]]
[12:11:2025-16:33:09] casey.lcbdev.ui.ShipSelectorPane:lambda$new$5:INFO:: Placing: Submarine (3)
[12:11:2025-16:33:10] casey.lcbdev.ui.GameScreen:mapShipToKey:INFO:: Mapping ship to key. SHIP = S3
[12:11:2025-16:33:10] casey.lcbdev.model.board.ShipPlacementHandler:onClick:INFO:: Placed [S3] at cells: [ShipCell(1,5)[occ=true, hit=false], ShipCell(1,6)[occ=true, hit=false], ShipCell(1,7)[occ=true, hit=false]]
[12:11:2025-16:33:11] casey.lcbdev.ui.ShipSelectorPane:lambda$new$5:INFO:: Placing: Patrol boat (2)
[12:11:2025-16:33:12] casey.lcbdev.ui.GameScreen:mapShipToKey:INFO:: Mapping ship to key. SHIP = P2
[12:11:2025-16:33:12] casey.lcbdev.model.board.ShipPlacementHandler:onClick:INFO:: Placed [P2] at cells: [ShipCell(6,8)[occ=true, hit=false], ShipCell(7,8)[occ=true, hit=false]]
[12:11:2025-16:33:12] casey.lcbdev.ui.ShipSelectorPane:disableAll:INFO:: Disabling toggle buttons.
[12:11:2025-16:33:13] casey.lcbdev.NetShips:lambda$showGame$0:FINE:: Returning to menu.
[12:11:2025-16:33:14] casey.lcbdev.NetShips:lambda$backToMenu$1:INFO:: Shutting down.
